13.05.2019 13:59:58	This log contains information about the import schema operation into project 'wi_backups' on computer 'ESACHYK' by user 'esachyk'.
13.05.2019 13:59:58	Import of database schema has started.
13.05.2019 14:00:07	Gathering database options
13.05.2019 14:00:07	Gathering users
13.05.2019 14:00:07	Gathering roles
13.05.2019 14:00:07	Gathering application roles
13.05.2019 14:00:07	Gathering role memberships
13.05.2019 14:00:07	Gathering filegroups
13.05.2019 14:00:07	Gathering full-text catalogs
13.05.2019 14:00:07	Gathering assemblies
13.05.2019 14:00:07	Gathering certificates
13.05.2019 14:00:07	Gathering asymmetric keys
13.05.2019 14:00:07	Gathering symmetric keys
13.05.2019 14:00:07	Gathering encrypted symmetric keys
13.05.2019 14:00:07	Gathering schemas
13.05.2019 14:00:07	Gathering XML schema collections
13.05.2019 14:00:07	Gathering user-defined data types
13.05.2019 14:00:07	Gathering user-defined types
13.05.2019 14:00:07	Gathering table types
13.05.2019 14:00:07	Gathering unique keys for table types
13.05.2019 14:00:07	Gathering primary keys for table types
13.05.2019 14:00:07	Gathering check constraints for table types
13.05.2019 14:00:07	Gathering default constraints for table types
13.05.2019 14:00:07	Gathering partition functions
13.05.2019 14:00:07	Gathering partition schemes
13.05.2019 14:00:07	Gathering functions
13.05.2019 14:00:07	Gathering encrypted functions
13.05.2019 14:00:07	Gathering aggregates
13.05.2019 14:00:07	Gathering procedures
13.05.2019 14:00:07	Gathering encrypted procedures
13.05.2019 14:00:07	Gathering tables
13.05.2019 14:00:07	Gathering primary keys
13.05.2019 14:00:07	Gathering unique constraints
13.05.2019 14:00:07	Gathering foreign keys
13.05.2019 14:00:07	Gathering default constraints
13.05.2019 14:00:07	Gathering check constraints
13.05.2019 14:00:07	Gathering views
13.05.2019 14:00:07	Gathering encrypted views
13.05.2019 14:00:07	Gathering indexes
13.05.2019 14:00:07	Gathering statistics
13.05.2019 14:00:07	Gathering full-text index stoplists
13.05.2019 14:00:07	Gathering full-text indexes
13.05.2019 14:00:07	Gathering spatial indexes
13.05.2019 14:00:07	Gathering XML indexes
13.05.2019 14:00:07	Gathering encrypted triggers
13.05.2019 14:00:07	Gathering triggers
13.05.2019 14:00:07	Gathering encrypted and clr ddl triggers
13.05.2019 14:00:07	Gathering ddl triggers
13.05.2019 14:00:07	Gathering synonyms
13.05.2019 14:00:07	Gathering defaults
13.05.2019 14:00:07	Gathering data constraint uddt bindings
13.05.2019 14:00:07	Gathering rules
13.05.2019 14:00:07	Gathering data constraint uddt bindings
13.05.2019 14:00:07	Gathering message types
13.05.2019 14:00:07	Gathering queues
13.05.2019 14:00:07	Gathering contracts
13.05.2019 14:00:07	Gathering services
13.05.2019 14:00:07	Gathering event notifications
13.05.2019 14:00:07	Gathering remote service bindings
13.05.2019 14:00:07	Gathering broker priorities
13.05.2019 14:00:07	Gathering signatures
13.05.2019 14:00:07	Gathering data compression options
13.05.2019 14:00:07	Gathering extended properties
13.05.2019 14:00:08	Scanning project for duplicate elements
13.05.2019 14:00:08	Finished duplicate element processing
13.05.2019 14:00:08	Finished importing database.
13.05.2019 14:00:08	A summary of the import was saved to the following location: E:\GSMA\gsmai-mssql-db-2008\gsmai-mssql-db\wi_backups\Import Schema Logs\wi_backups_20190513105958.log
13.05.2019 14:00:08	Click Finish to continue...
