13.05.2019 14:03:14	This log contains information about the import schema operation into project 'wi_revisions' on computer 'ESACHYK' by user 'esachyk'.
13.05.2019 14:03:14	Import of database schema has started.
13.05.2019 14:03:27	Gathering database options
13.05.2019 14:03:27	Gathering users
13.05.2019 14:03:27	Gathering roles
13.05.2019 14:03:27	Gathering application roles
13.05.2019 14:03:27	Gathering role memberships
13.05.2019 14:03:27	Gathering filegroups
13.05.2019 14:03:27	Gathering full-text catalogs
13.05.2019 14:03:27	Gathering assemblies
13.05.2019 14:03:27	Gathering certificates
13.05.2019 14:03:33	Gathering asymmetric keys
13.05.2019 14:03:33	Gathering symmetric keys
13.05.2019 14:03:33	Gathering encrypted symmetric keys
13.05.2019 14:03:33	Gathering schemas
13.05.2019 14:03:33	Gathering XML schema collections
13.05.2019 14:03:33	Gathering user-defined data types
13.05.2019 14:03:33	Gathering user-defined types
13.05.2019 14:03:33	Gathering table types
13.05.2019 14:03:33	Gathering unique keys for table types
13.05.2019 14:03:33	Gathering primary keys for table types
13.05.2019 14:03:33	Gathering check constraints for table types
13.05.2019 14:03:33	Gathering default constraints for table types
13.05.2019 14:03:33	Gathering partition functions
13.05.2019 14:03:33	Gathering partition schemes
13.05.2019 14:03:33	Gathering functions
13.05.2019 14:03:33	Gathering encrypted functions
13.05.2019 14:03:33	Gathering aggregates
13.05.2019 14:03:33	Gathering procedures
13.05.2019 14:03:33	Gathering encrypted procedures
13.05.2019 14:03:33	Gathering tables
13.05.2019 14:03:35	Gathering primary keys
13.05.2019 14:03:35	Gathering unique constraints
13.05.2019 14:03:35	Gathering foreign keys
13.05.2019 14:03:35	Gathering default constraints
13.05.2019 14:03:35	Gathering check constraints
13.05.2019 14:03:35	Gathering views
13.05.2019 14:03:35	Gathering encrypted views
13.05.2019 14:03:35	Gathering indexes
13.05.2019 14:03:35	Gathering statistics
13.05.2019 14:03:35	Gathering full-text index stoplists
13.05.2019 14:03:35	Gathering full-text indexes
13.05.2019 14:03:35	Gathering spatial indexes
13.05.2019 14:03:35	Gathering XML indexes
13.05.2019 14:03:35	Gathering encrypted triggers
13.05.2019 14:03:35	Gathering triggers
13.05.2019 14:03:35	Gathering encrypted and clr ddl triggers
13.05.2019 14:03:35	Gathering ddl triggers
13.05.2019 14:03:35	Gathering synonyms
13.05.2019 14:03:35	Gathering defaults
13.05.2019 14:03:35	Gathering data constraint uddt bindings
13.05.2019 14:03:35	Gathering rules
13.05.2019 14:03:35	Gathering data constraint uddt bindings
13.05.2019 14:03:35	Gathering message types
13.05.2019 14:03:35	Gathering queues
13.05.2019 14:03:35	Gathering contracts
13.05.2019 14:03:35	Gathering services
13.05.2019 14:03:35	Gathering event notifications
13.05.2019 14:03:35	Gathering remote service bindings
13.05.2019 14:03:35	Gathering broker priorities
13.05.2019 14:03:35	Gathering signatures
13.05.2019 14:03:35	Gathering data compression options
13.05.2019 14:03:35	Gathering extended properties
13.05.2019 14:03:36	Scanning project for duplicate elements
13.05.2019 14:03:36	Finished duplicate element processing
13.05.2019 14:03:36	Finished importing database.
13.05.2019 14:03:36	A summary of the import was saved to the following location: E:\GSMA\gsmai-mssql-db-2008\gsmai-mssql-db\wi_revisions\Import Schema Logs\wi_revisions_20190513110314.log
13.05.2019 14:03:36	Click Finish to continue...
